# JRE version: Java(TM) SE Runtime Environment (8.0_151-b12) (build 1.8.0_151-b12)
# Java VM: Java HotSpot(TM) 64-Bit Server VM (25.151-b12 mixed mode windows-amd64 compressed oops)
Heap:
 PSYoungGen      total 2703360K, used 119739K [0x0000000715980000, 0x00000007c0000000, 0x00000007c0000000)
  eden space 2612736K, 3% used [0x0000000715980000,0x000000071bf551a0,0x00000007b5100000)
  from space 90624K, 17% used [0x00000007ba780000,0x00000007bb699dd0,0x00000007c0000000)
  to   space 88576K, 0% used [0x00000007b5100000,0x00000007b5100000,0x00000007ba780000)
 ParOldGen       total 349696K, used 284850K [0x00000005c0c00000, 0x00000005d6180000, 0x0000000715980000)
  object space 349696K, 81% used [0x00000005c0c00000,0x00000005d222c928,0x00000005d6180000)
 Metaspace       used 9840K, capacity 10126K, committed 10368K, reserved 1058816K
  class space    used 1027K, capacity 1117K, committed 1152K, reserved 1048576K
GC Heap History (10 events):
Event: 5.113 GC heap before
{Heap before GC invocations=10 (full 0):
 PSYoungGen      total 2181632K, used 2138753K [0x0000000715980000, 0x00000007c0000000, 0x00000007c0000000)
  eden space 2103296K, 100% used [0x0000000715980000,0x0000000795f80000,0x0000000795f80000)
  from space 78336K, 45% used [0x0000000795f80000,0x00000007982207b0,0x000000079ac00000)
  to   space 78848K, 0% used [0x00000007bb300000,0x00000007bb300000,0x00000007c0000000)
 ParOldGen       total 349696K, used 227658K [0x00000005c0c00000, 0x00000005d6180000, 0x0000000715980000)
  object space 349696K, 65% used [0x00000005c0c00000,0x00000005cea52940,0x00000005d6180000)
 Metaspace       used 7316K, capacity 7688K, committed 7936K, reserved 1056768K
  class space    used 806K, capacity 924K, committed 1024K, reserved 1048576K
Event: 5.138 GC heap after
Heap after GC invocations=10 (full 0):
 PSYoungGen      total 2702848K, used 7503K [0x0000000715980000, 0x00000007c0000000, 0x00000007c0000000)
  eden space 2624000K, 0% used [0x0000000715980000,0x0000000715980000,0x00000007b5c00000)
  from space 78848K, 9% used [0x00000007bb300000,0x00000007bba53d58,0x00000007c0000000)
  to   space 83968K, 0% used [0x00000007b5c00000,0x00000007b5c00000,0x00000007bae00000)
 ParOldGen       total 349696K, used 259907K [0x00000005c0c00000, 0x00000005d6180000, 0x0000000715980000)
  object space 349696K, 74% used [0x00000005c0c00000,0x00000005d09d0ca8,0x00000005d6180000)
 Metaspace       used 7316K, capacity 7688K, committed 7936K, reserved 1056768K
  class space    used 806K, capacity 924K, committed 1024K, reserved 1048576K
}
Event: 5.625 GC heap before
{Heap before GC invocations=11 (full 0):
 PSYoungGen      total 2702848K, used 2631503K [0x0000000715980000, 0x00000007c0000000, 0x00000007c0000000)
  eden space 2624000K, 100% used [0x0000000715980000,0x00000007b5c00000,0x00000007b5c00000)
  from space 78848K, 9% used [0x00000007bb300000,0x00000007bba53d58,0x00000007c0000000)
  to   space 83968K, 0% used [0x00000007b5c00000,0x00000007b5c00000,0x00000007bae00000)
 ParOldGen       total 349696K, used 259907K [0x00000005c0c00000, 0x00000005d6180000, 0x0000000715980000)
  object space 349696K, 74% used [0x00000005c0c00000,0x00000005d09d0ca8,0x00000005d6180000)
 Metaspace       used 7316K, capacity 7688K, committed 7936K, reserved 1056768K
  class space    used 806K, capacity 924K, committed 1024K, reserved 1048576K
Event: 5.632 GC heap after
Heap after GC invocations=11 (full 0):
 PSYoungGen      total 2630656K, used 6174K [0x0000000715980000, 0x00000007c0000000, 0x00000007c0000000)
  eden space 2624000K, 0% used [0x0000000715980000,0x0000000715980000,0x00000007b5c00000)
  from space 6656K, 92% used [0x00000007b5c00000,0x00000007b6207b58,0x00000007b6280000)
  to   space 87552K, 0% used [0x00000007baa80000,0x00000007baa80000,0x00000007c0000000)
 ParOldGen       total 349696K, used 267386K [0x00000005c0c00000, 0x00000005d6180000, 0x0000000715980000)
  object space 349696K, 76% used [0x00000005c0c00000,0x00000005d111ea00,0x00000005d6180000)
 Metaspace       used 7316K, capacity 7688K, committed 7936K, reserved 1056768K
  class space    used 806K, capacity 924K, committed 1024K, reserved 1048576K
}
Event: 5.989 GC heap before
{Heap before GC invocations=12 (full 0):
 PSYoungGen      total 2630656K, used 2630174K [0x0000000715980000, 0x00000007c0000000, 0x00000007c0000000)
  eden space 2624000K, 100% used [0x0000000715980000,0x00000007b5c00000,0x00000007b5c00000)
  from space 6656K, 92% used [0x00000007b5c00000,0x00000007b6207b58,0x00000007b6280000)
  to   space 87552K, 0% used [0x00000007baa80000,0x00000007baa80000,0x00000007c0000000)
 ParOldGen       total 349696K, used 267386K [0x00000005c0c00000, 0x00000005d6180000, 0x0000000715980000)
  object space 349696K, 76% used [0x00000005c0c00000,0x00000005d111ea00,0x00000005d6180000)
 Metaspace       used 7316K, capacity 7688K, committed 7936K, reserved 1056768K
  class space    used 806K, capacity 924K, committed 1024K, reserved 1048576K
Event: 5.994 GC heap after
Heap after GC invocations=12 (full 0):
 PSYoungGen      total 2700288K, used 5310K [0x0000000715980000, 0x00000007c0000000, 0x00000007c0000000)
  eden space 2612736K, 0% used [0x0000000715980000,0x0000000715980000,0x00000007b5100000)
  from space 87552K, 6% used [0x00000007baa80000,0x00000007bafafa28,0x00000007c0000000)
  to   space 89600K, 0% used [0x00000007b5100000,0x00000007b5100000,0x00000007ba880000)
 ParOldGen       total 349696K, used 273593K [0x00000005c0c00000, 0x00000005d6180000, 0x0000000715980000)
  object space 349696K, 78% used [0x00000005c0c00000,0x00000005d172e558,0x00000005d6180000)
 Metaspace       used 7316K, capacity 7688K, committed 7936K, reserved 1056768K
  class space    used 806K, capacity 924K, committed 1024K, reserved 1048576K
}
Event: 6.348 GC heap before
{Heap before GC invocations=13 (full 0):
 PSYoungGen      total 2700288K, used 2618046K [0x0000000715980000, 0x00000007c0000000, 0x00000007c0000000)
  eden space 2612736K, 100% used [0x0000000715980000,0x00000007b5100000,0x00000007b5100000)
  from space 87552K, 6% used [0x00000007baa80000,0x00000007bafafa28,0x00000007c0000000)
  to   space 89600K, 0% used [0x00000007b5100000,0x00000007b5100000,0x00000007ba880000)
 ParOldGen       total 349696K, used 273593K [0x00000005c0c00000, 0x00000005d6180000, 0x0000000715980000)
  object space 349696K, 78% used [0x00000005c0c00000,0x00000005d172e558,0x00000005d6180000)
 Metaspace       used 7316K, capacity 7688K, committed 7936K, reserved 1056768K
  class space    used 806K, capacity 924K, committed 1024K, reserved 1048576K
Event: 6.355 GC heap after
Heap after GC invocations=13 (full 0):
 PSYoungGen      total 2617856K, used 4768K [0x0000000715980000, 0x00000007c0000000, 0x00000007c0000000)
  eden space 2612736K, 0% used [0x0000000715980000,0x0000000715980000,0x00000007b5100000)
  from space 5120K, 93% used [0x00000007b5100000,0x00000007b55a8000,0x00000007b5600000)
  to   space 90624K, 0% used [0x00000007ba780000,0x00000007ba780000,0x00000007c0000000)
 ParOldGen       total 349696K, used 278876K [0x00000005c0c00000, 0x00000005d6180000, 0x0000000715980000)
  object space 349696K, 79% used [0x00000005c0c00000,0x00000005d1c57358,0x00000005d6180000)
 Metaspace       used 7316K, capacity 7688K, committed 7936K, reserved 1056768K
  class space    used 806K, capacity 924K, committed 1024K, reserved 1048576K
}
Event: 15.661 GC heap before
{Heap before GC invocations=14 (full 0):
 PSYoungGen      total 2617856K, used 2617504K [0x0000000715980000, 0x00000007c0000000, 0x00000007c0000000)
  eden space 2612736K, 100% used [0x0000000715980000,0x00000007b5100000,0x00000007b5100000)
  from space 5120K, 93% used [0x00000007b5100000,0x00000007b55a8000,0x00000007b5600000)
  to   space 90624K, 0% used [0x00000007ba780000,0x00000007ba780000,0x00000007c0000000)
 ParOldGen       total 349696K, used 278876K [0x00000005c0c00000, 0x00000005d6180000, 0x0000000715980000)
  object space 349696K, 79% used [0x00000005c0c00000,0x00000005d1c57358,0x00000005d6180000)
 Metaspace       used 9828K, capacity 10126K, committed 10368K, reserved 1058816K
  class space    used 1026K, capacity 1117K, committed 1152K, reserved 1048576K
Event: 15.668 GC heap after
Heap after GC invocations=14 (full 0):
 PSYoungGen      total 2703360K, used 15463K [0x0000000715980000, 0x00000007c0000000, 0x00000007c0000000)
  eden space 2612736K, 0% used [0x0000000715980000,0x0000000715980000,0x00000007b5100000)
  from space 90624K, 17% used [0x00000007ba780000,0x00000007bb699dd0,0x00000007c0000000)
  to   space 88576K, 0% used [0x00000007b5100000,0x00000007b5100000,0x00000007ba780000)
 ParOldGen       total 349696K, used 284850K [0x00000005c0c00000, 0x00000005d6180000, 0x0000000715980000)
  object space 349696K, 81% used [0x00000005c0c00000,0x00000005d222c928,0x00000005d6180000)
 Metaspace       used 9828K, capacity 10126K, committed 10368K, reserved 1058816K
  class space    used 1026K, capacity 1117K, committed 1152K, reserved 1048576K
}

